# JRE version: OpenJDK Runtime Environment (12.0.2+10) (build 12.0.2+10)
# Java VM: OpenJDK 64-Bit Server VM (12.0.2+10, mixed mode, sharing, tiered, compressed oops, g1 gc, windows-amd64)
Heap:
 garbage-first heap   total 440320K, used 130640K [0x00000000e0000000, 0x0000000100000000)
  region size 1024K, 7 young (7168K), 2 survivors (2048K)
 Metaspace       used 119035K, capacity 123221K, committed 123340K, reserved 360448K
  class space    used 15241K, capacity 16806K, committed 16844K, reserved 253952K
GC Heap History (10 events):
Event: 18094.155 GC heap before
{Heap before GC invocations=192 (full 0):
 garbage-first heap   total 481280K, used 161161K [0x00000000e0000000, 0x0000000100000000)
  region size 1024K, 23 young (23552K), 4 survivors (4096K)
 Metaspace       used 117774K, capacity 121875K, committed 122188K, reserved 360448K
  class space    used 15091K, capacity 16658K, committed 16716K, reserved 253952K
}
Event: 18094.373 GC heap after
{Heap after GC invocations=193 (full 0):
 garbage-first heap   total 481280K, used 144735K [0x00000000e0000000, 0x0000000100000000)
  region size 1024K, 3 young (3072K), 3 survivors (3072K)
 Metaspace       used 117774K, capacity 121875K, committed 122188K, reserved 360448K
  class space    used 15091K, capacity 16658K, committed 16716K, reserved 253952K
}
Event: 18095.360 GC heap before
{Heap before GC invocations=193 (full 0):
 garbage-first heap   total 481280K, used 165215K [0x00000000e0000000, 0x0000000100000000)
  region size 1024K, 23 young (23552K), 3 survivors (3072K)
 Metaspace       used 117888K, capacity 121954K, committed 122188K, reserved 360448K
  class space    used 15098K, capacity 16671K, committed 16716K, reserved 253952K
}
Event: 18095.540 GC heap after
{Heap after GC invocations=194 (full 0):
 garbage-first heap   total 481280K, used 137464K [0x00000000e0000000, 0x0000000100000000)
  region size 1024K, 3 young (3072K), 3 survivors (3072K)
 Metaspace       used 117888K, capacity 121954K, committed 122188K, reserved 360448K
  class space    used 15098K, capacity 16671K, committed 16716K, reserved 253952K
}
Event: 18100.939 GC heap before
{Heap before GC invocations=194 (full 0):
 garbage-first heap   total 481280K, used 157944K [0x00000000e0000000, 0x0000000100000000)
  region size 1024K, 23 young (23552K), 3 survivors (3072K)
 Metaspace       used 118126K, capacity 122330K, committed 122444K, reserved 360448K
  class space    used 15124K, capacity 16685K, committed 16716K, reserved 253952K
}
Event: 18100.976 GC heap after
{Heap after GC invocations=195 (full 0):
 garbage-first heap   total 481280K, used 128625K [0x00000000e0000000, 0x0000000100000000)
  region size 1024K, 3 young (3072K), 3 survivors (3072K)
 Metaspace       used 118126K, capacity 122330K, committed 122444K, reserved 360448K
  class space    used 15124K, capacity 16685K, committed 16716K, reserved 253952K
}
Event: 18106.317 GC heap before
{Heap before GC invocations=195 (full 0):
 garbage-first heap   total 481280K, used 148081K [0x00000000e0000000, 0x0000000100000000)
  region size 1024K, 23 young (23552K), 3 survivors (3072K)
 Metaspace       used 118401K, capacity 122621K, committed 122828K, reserved 360448K
  class space    used 15167K, capacity 16736K, committed 16844K, reserved 253952K
}
Event: 18106.357 GC heap after
{Heap after GC invocations=196 (full 0):
 garbage-first heap   total 481280K, used 125180K [0x00000000e0000000, 0x0000000100000000)
  region size 1024K, 2 young (2048K), 2 survivors (2048K)
 Metaspace       used 118401K, capacity 122621K, committed 122828K, reserved 360448K
  class space    used 15167K, capacity 16736K, committed 16844K, reserved 253952K
}
Event: 18107.005 GC heap before
{Heap before GC invocations=196 (full 0):
 garbage-first heap   total 481280K, used 130300K [0x00000000e0000000, 0x0000000100000000)
  region size 1024K, 9 young (9216K), 2 survivors (2048K)
 Metaspace       used 118916K, capacity 123079K, committed 123340K, reserved 360448K
  class space    used 15231K, capacity 16780K, committed 16844K, reserved 253952K
}
Event: 18107.014 GC heap after
{Heap after GC invocations=197 (full 0):
 garbage-first heap   total 481280K, used 125520K [0x00000000e0000000, 0x0000000100000000)
  region size 1024K, 2 young (2048K), 2 survivors (2048K)
 Metaspace       used 118916K, capacity 123079K, committed 123340K, reserved 360448K
  class space    used 15231K, capacity 16780K, committed 16844K, reserved 253952K
}

