# JRE version: OpenJDK Runtime Environment (12.0.2+10) (build 12.0.2+10)
# Java VM: OpenJDK 64-Bit Server VM (12.0.2+10, mixed mode, sharing, tiered, compressed oops, g1 gc, windows-amd64)
Heap:
 garbage-first heap   total 464896K, used 276498K [0x00000000e0000000, 0x0000000100000000)
  region size 1024K, 10 young (10240K), 2 survivors (2048K)
 Metaspace       used 124684K, capacity 129862K, committed 131020K, reserved 368640K
  class space    used 15605K, capacity 17488K, committed 17868K, reserved 253952K
GC Heap History (10 events):
Event: 328.233 GC heap before
{Heap before GC invocations=56 (full 0):
 garbage-first heap   total 317440K, used 278365K [0x00000000e0000000, 0x0000000100000000)
  region size 1024K, 17 young (17408K), 3 survivors (3072K)
 Metaspace       used 124602K, capacity 130076K, committed 130252K, reserved 366592K
  class space    used 15716K, capacity 17751K, committed 17868K, reserved 253952K
}
Event: 328.239 GC heap after
{Heap after GC invocations=57 (full 0):
 garbage-first heap   total 317440K, used 267560K [0x00000000e0000000, 0x0000000100000000)
  region size 1024K, 3 young (3072K), 3 survivors (3072K)
 Metaspace       used 124602K, capacity 130076K, committed 130252K, reserved 366592K
  class space    used 15716K, capacity 17751K, committed 17868K, reserved 253952K
}
Event: 328.367 GC heap before
{Heap before GC invocations=57 (full 0):
 garbage-first heap   total 317440K, used 279848K [0x00000000e0000000, 0x0000000100000000)
  region size 1024K, 15 young (15360K), 3 survivors (3072K)
 Metaspace       used 124680K, capacity 130151K, committed 130508K, reserved 366592K
  class space    used 15728K, capacity 17754K, committed 17868K, reserved 253952K
}
Event: 328.372 GC heap after
{Heap after GC invocations=58 (full 0):
 garbage-first heap   total 317440K, used 270895K [0x00000000e0000000, 0x0000000100000000)
  region size 1024K, 2 young (2048K), 2 survivors (2048K)
 Metaspace       used 124680K, capacity 130151K, committed 130508K, reserved 366592K
  class space    used 15728K, capacity 17754K, committed 17868K, reserved 253952K
}
Event: 328.498 GC heap before
{Heap before GC invocations=58 (full 0):
 garbage-first heap   total 317440K, used 284207K [0x00000000e0000000, 0x0000000100000000)
  region size 1024K, 15 young (15360K), 2 survivors (2048K)
 Metaspace       used 124782K, capacity 130291K, committed 130508K, reserved 366592K
  class space    used 15736K, capacity 17756K, committed 17868K, reserved 253952K
}
Event: 328.505 GC heap after
{Heap after GC invocations=59 (full 0):
 garbage-first heap   total 317440K, used 273408K [0x00000000e0000000, 0x0000000100000000)
  region size 1024K, 2 young (2048K), 2 survivors (2048K)
 Metaspace       used 124782K, capacity 130291K, committed 130508K, reserved 366592K
  class space    used 15736K, capacity 17756K, committed 17868K, reserved 253952K
}
Event: 328.659 GC heap before
{Heap before GC invocations=59 (full 0):
 garbage-first heap   total 317440K, used 286720K [0x00000000e0000000, 0x0000000100000000)
  region size 1024K, 15 young (15360K), 2 survivors (2048K)
 Metaspace       used 124872K, capacity 130449K, committed 130764K, reserved 368640K
  class space    used 15741K, capacity 17765K, committed 17868K, reserved 253952K
}
Event: 328.665 GC heap after
{Heap after GC invocations=60 (full 0):
 garbage-first heap   total 317440K, used 275578K [0x00000000e0000000, 0x0000000100000000)
  region size 1024K, 2 young (2048K), 2 survivors (2048K)
 Metaspace       used 124872K, capacity 130449K, committed 130764K, reserved 368640K
  class space    used 15741K, capacity 17765K, committed 17868K, reserved 253952K
}
Event: 328.967 GC heap before
{Heap before GC invocations=60 (full 0):
 garbage-first heap   total 317440K, used 287866K [0x00000000e0000000, 0x0000000100000000)
  region size 1024K, 15 young (15360K), 2 survivors (2048K)
 Metaspace       used 124953K, capacity 130549K, committed 130764K, reserved 368640K
  class space    used 15746K, capacity 17797K, committed 17868K, reserved 253952K
}
Event: 328.976 GC heap after
{Heap after GC invocations=61 (full 0):
 garbage-first heap   total 317440K, used 275474K [0x00000000e0000000, 0x0000000100000000)
  region size 1024K, 2 young (2048K), 2 survivors (2048K)
 Metaspace       used 124953K, capacity 130549K, committed 130764K, reserved 368640K
  class space    used 15746K, capacity 17797K, committed 17868K, reserved 253952K
}

