# JRE version: OpenJDK Runtime Environment (12.0.2+10) (build 12.0.2+10)
# Java VM: OpenJDK 64-Bit Server VM (12.0.2+10, mixed mode, sharing, tiered, compressed oops, g1 gc, windows-amd64)
Heap:
 garbage-first heap   total 505856K, used 285845K [0x00000000e0000000, 0x0000000100000000)
  region size 1024K, 39 young (39936K), 17 survivors (17408K)
 Metaspace       used 104022K, capacity 107701K, committed 107940K, reserved 348160K
  class space    used 13576K, capacity 15009K, committed 15104K, reserved 253952K
GC Heap History (10 events):
Event: 120.842 GC heap before
{Heap before GC invocations=38 (full 0):
 garbage-first heap   total 427008K, used 255934K [0x00000000e0000000, 0x0000000100000000)
  region size 1024K, 11 young (11264K), 3 survivors (3072K)
 Metaspace       used 97752K, capacity 101007K, committed 101028K, reserved 342016K
  class space    used 13043K, capacity 14330K, committed 14336K, reserved 253952K
}
Event: 120.849 GC heap after
{Heap after GC invocations=39 (full 0):
 garbage-first heap   total 427008K, used 250008K [0x00000000e0000000, 0x0000000100000000)
  region size 1024K, 4 young (4096K), 4 survivors (4096K)
 Metaspace       used 97752K, capacity 101007K, committed 101028K, reserved 342016K
  class space    used 13043K, capacity 14330K, committed 14336K, reserved 253952K
}
Event: 122.049 GC heap before
{Heap before GC invocations=40 (full 0):
 garbage-first heap   total 505856K, used 333976K [0x00000000e0000000, 0x0000000100000000)
  region size 1024K, 75 young (76800K), 4 survivors (4096K)
 Metaspace       used 97908K, capacity 101167K, committed 101284K, reserved 342016K
  class space    used 13043K, capacity 14330K, committed 14336K, reserved 253952K
}
Event: 122.061 GC heap after
{Heap after GC invocations=41 (full 0):
 garbage-first heap   total 505856K, used 265584K [0x00000000e0000000, 0x0000000100000000)
  region size 1024K, 9 young (9216K), 9 survivors (9216K)
 Metaspace       used 97908K, capacity 101167K, committed 101284K, reserved 342016K
  class space    used 13043K, capacity 14330K, committed 14336K, reserved 253952K
}
Event: 122.179 GC heap before
{Heap before GC invocations=41 (full 0):
 garbage-first heap   total 505856K, used 270704K [0x00000000e0000000, 0x0000000100000000)
  region size 1024K, 15 young (15360K), 9 survivors (9216K)
 Metaspace       used 97936K, capacity 101181K, committed 101284K, reserved 342016K
  class space    used 13043K, capacity 14330K, committed 14336K, reserved 253952K
}
Event: 122.186 GC heap after
{Heap after GC invocations=42 (full 0):
 garbage-first heap   total 505856K, used 266013K [0x00000000e0000000, 0x0000000100000000)
  region size 1024K, 7 young (7168K), 7 survivors (7168K)
 Metaspace       used 97936K, capacity 101181K, committed 101284K, reserved 342016K
  class space    used 13043K, capacity 14330K, committed 14336K, reserved 253952K
}
Event: 1013.754 GC heap before
{Heap before GC invocations=43 (full 0):
 garbage-first heap   total 505856K, used 394013K [0x00000000e0000000, 0x0000000100000000)
  region size 1024K, 118 young (120832K), 7 survivors (7168K)
 Metaspace       used 102590K, capacity 106039K, committed 106148K, reserved 346112K
  class space    used 13464K, capacity 14806K, committed 14848K, reserved 253952K
}
Event: 1013.770 GC heap after
{Heap after GC invocations=44 (full 0):
 garbage-first heap   total 505856K, used 250900K [0x00000000e0000000, 0x0000000100000000)
  region size 1024K, 4 young (4096K), 4 survivors (4096K)
 Metaspace       used 102590K, capacity 106039K, committed 106148K, reserved 346112K
  class space    used 13464K, capacity 14806K, committed 14848K, reserved 253952K
}
Event: 1156.396 GC heap before
{Heap before GC invocations=44 (full 0):
 garbage-first heap   total 505856K, used 380948K [0x00000000e0000000, 0x0000000100000000)
  region size 1024K, 132 young (135168K), 4 survivors (4096K)
 Metaspace       used 103987K, capacity 107693K, committed 107940K, reserved 348160K
  class space    used 13575K, capacity 15008K, committed 15104K, reserved 253952K
}
Event: 1156.429 GC heap after
{Heap after GC invocations=45 (full 0):
 garbage-first heap   total 505856K, used 264341K [0x00000000e0000000, 0x0000000100000000)
  region size 1024K, 17 young (17408K), 17 survivors (17408K)
 Metaspace       used 103987K, capacity 107693K, committed 107940K, reserved 348160K
  class space    used 13575K, capacity 15008K, committed 15104K, reserved 253952K
}

